<?xml version="1.0" encoding="UTF-8"?>
<!-- Generated by org.testng.reporters.JUnitReportReporter -->
<testsuite hostname="hp-PC" failures="0" tests="1" name="maven_project.Testcase1" time="3.551" errors="0" timestamp="2021-06-09T20:50:10 IST" skipped="0">
  <testcase classname="maven_project.Testcase1" name="login_page" time="3.551"/>
  <system-out/>
</testsuite> <!-- maven_project.Testcase1 -->
