<?xml version="1.0" encoding="UTF-8"?>
<!-- Generated by org.testng.reporters.JUnitReportReporter -->
<testsuite hostname="hp-PC" failures="0" tests="2" name="maven_project.Testcase2" time="0.019" errors="0" timestamp="2021-06-09T20:50:10 IST" skipped="0">
  <testcase classname="maven_project.Testcase2" name="make_videocall" time="0.007"/>
  <system-out/>
  <testcase classname="maven_project.Testcase2" name="create_bubble" time="0.012"/>
  <system-out/>
</testsuite> <!-- maven_project.Testcase2 -->
