<?xml version="1.0" encoding="UTF-8"?>
<!-- Generated by org.testng.reporters.JUnitReportReporter -->
<testsuite hostname="hp-PC" failures="0" tests="2" name="maven_project.Home_page_test_case_1" time="11.901" errors="0" timestamp="2021-06-16T21:27:36 IST" skipped="0">
  <testcase classname="maven_project.Home_page_test_case_1" name="username_entered" time="5.539"/>
  <system-out/>
  <testcase classname="maven_project.Home_page_test_case_1" name="m4" time="6.362"/>
  <system-out/>
</testsuite> <!-- maven_project.Home_page_test_case_1 -->
